C:\USERS\DANIEL\DOCUMENTS\VISUAL STUDIO 2010\PROJECTS\BATTLEARENA\BATTLEARENA\DEBUG\ANIMATION.OBJ
C:\USERS\DANIEL\DOCUMENTS\VISUAL STUDIO 2010\PROJECTS\BATTLEARENA\BATTLEARENA\DEBUG\ANIMATIONSYSTEM.OBJ
C:\USERS\DANIEL\DOCUMENTS\VISUAL STUDIO 2010\PROJECTS\BATTLEARENA\BATTLEARENA\DEBUG\BATTLEARENA.EXE.INTERMEDIATE.MANIFEST
C:\Users\Daniel\Documents\Visual Studio 2010\Projects\battleArena\battleArena\Debug\battleArena.vcxprojResolveAssemblyReference.cache
C:\Users\Daniel\Documents\Visual Studio 2010\Projects\battleArena\battleArena\Debug\battleArena.write.1.tlog
C:\USERS\DANIEL\DOCUMENTS\VISUAL STUDIO 2010\PROJECTS\BATTLEARENA\BATTLEARENA\DEBUG\BATTLESTATE.OBJ
C:\USERS\DANIEL\DOCUMENTS\VISUAL STUDIO 2010\PROJECTS\BATTLEARENA\BATTLEARENA\DEBUG\CHARACTERATTRIBUTESSUBJECT.OBJ
C:\Users\Daniel\Documents\Visual Studio 2010\Projects\battleArena\battleArena\Debug\cl.command.1.tlog
C:\Users\Daniel\Documents\Visual Studio 2010\Projects\battleArena\battleArena\Debug\CL.read.1.tlog
C:\Users\Daniel\Documents\Visual Studio 2010\Projects\battleArena\battleArena\Debug\CL.write.1.tlog
C:\USERS\DANIEL\DOCUMENTS\VISUAL STUDIO 2010\PROJECTS\BATTLEARENA\BATTLEARENA\DEBUG\COLLISIONSYSTEM.OBJ
C:\USERS\DANIEL\DOCUMENTS\VISUAL STUDIO 2010\PROJECTS\BATTLEARENA\BATTLEARENA\DEBUG\COMPONENT.OBJ
C:\USERS\DANIEL\DOCUMENTS\VISUAL STUDIO 2010\PROJECTS\BATTLEARENA\BATTLEARENA\DEBUG\COMPONENTTYPE.OBJ
C:\USERS\DANIEL\DOCUMENTS\VISUAL STUDIO 2010\PROJECTS\BATTLEARENA\BATTLEARENA\DEBUG\COMPONENTTYPEMANAGER.OBJ
C:\USERS\DANIEL\DOCUMENTS\VISUAL STUDIO 2010\PROJECTS\BATTLEARENA\BATTLEARENA\DEBUG\CREDITSMENUSTATE.OBJ
C:\USERS\DANIEL\DOCUMENTS\VISUAL STUDIO 2010\PROJECTS\BATTLEARENA\BATTLEARENA\DEBUG\DELAYEDENTITYPROCESSINGSYSTEM.OBJ
C:\USERS\DANIEL\DOCUMENTS\VISUAL STUDIO 2010\PROJECTS\BATTLEARENA\BATTLEARENA\DEBUG\DELAYEDENTITYSYSTEM.OBJ
C:\USERS\DANIEL\DOCUMENTS\VISUAL STUDIO 2010\PROJECTS\BATTLEARENA\BATTLEARENA\DEBUG\ENTITY.OBJ
C:\USERS\DANIEL\DOCUMENTS\VISUAL STUDIO 2010\PROJECTS\BATTLEARENA\BATTLEARENA\DEBUG\ENTITYMANAGER.OBJ
C:\USERS\DANIEL\DOCUMENTS\VISUAL STUDIO 2010\PROJECTS\BATTLEARENA\BATTLEARENA\DEBUG\ENTITYPROCESSINGSYSTEM.OBJ
C:\USERS\DANIEL\DOCUMENTS\VISUAL STUDIO 2010\PROJECTS\BATTLEARENA\BATTLEARENA\DEBUG\ENTITYSYSTEM.OBJ
C:\USERS\DANIEL\DOCUMENTS\VISUAL STUDIO 2010\PROJECTS\BATTLEARENA\BATTLEARENA\DEBUG\FILELOADER.OBJ
C:\USERS\DANIEL\DOCUMENTS\VISUAL STUDIO 2010\PROJECTS\BATTLEARENA\BATTLEARENA\DEBUG\FONTMANAGER.OBJ
C:\USERS\DANIEL\DOCUMENTS\VISUAL STUDIO 2010\PROJECTS\BATTLEARENA\BATTLEARENA\DEBUG\GAME.OBJ
C:\USERS\DANIEL\DOCUMENTS\VISUAL STUDIO 2010\PROJECTS\BATTLEARENA\BATTLEARENA\DEBUG\GAMESTATE.OBJ
C:\USERS\DANIEL\DOCUMENTS\VISUAL STUDIO 2010\PROJECTS\BATTLEARENA\BATTLEARENA\DEBUG\GROUPMANAGER.OBJ
C:\USERS\DANIEL\DOCUMENTS\VISUAL STUDIO 2010\PROJECTS\BATTLEARENA\BATTLEARENA\DEBUG\HEALTHPOTION.OBJ
C:\USERS\DANIEL\DOCUMENTS\VISUAL STUDIO 2010\PROJECTS\BATTLEARENA\BATTLEARENA\DEBUG\I_SUBJECT.OBJ
C:\USERS\DANIEL\DOCUMENTS\VISUAL STUDIO 2010\PROJECTS\BATTLEARENA\BATTLEARENA\DEBUG\INPUTHANDLINGSYSTEM.OBJ
C:\USERS\DANIEL\DOCUMENTS\VISUAL STUDIO 2010\PROJECTS\BATTLEARENA\BATTLEARENA\DEBUG\INVENTORYMENUSYSTEM.OBJ
C:\USERS\DANIEL\DOCUMENTS\VISUAL STUDIO 2010\PROJECTS\BATTLEARENA\BATTLEARENA\DEBUG\JSON_READER.OBJ
C:\USERS\DANIEL\DOCUMENTS\VISUAL STUDIO 2010\PROJECTS\BATTLEARENA\BATTLEARENA\DEBUG\JSON_VALUE.OBJ
C:\USERS\DANIEL\DOCUMENTS\VISUAL STUDIO 2010\PROJECTS\BATTLEARENA\BATTLEARENA\DEBUG\JSON_WRITER.OBJ
C:\Users\Daniel\Documents\Visual Studio 2010\Projects\battleArena\battleArena\Debug\link.2384.read.1.tlog
C:\Users\Daniel\Documents\Visual Studio 2010\Projects\battleArena\battleArena\Debug\link.2384.read.2.tlog
C:\Users\Daniel\Documents\Visual Studio 2010\Projects\battleArena\battleArena\Debug\link.2384.write.1.tlog
C:\Users\Daniel\Documents\Visual Studio 2010\Projects\battleArena\battleArena\Debug\link.3260.read.1.tlog
C:\Users\Daniel\Documents\Visual Studio 2010\Projects\battleArena\battleArena\Debug\link.3260.read.2.tlog
C:\Users\Daniel\Documents\Visual Studio 2010\Projects\battleArena\battleArena\Debug\link.3260.write.1.tlog
C:\Users\Daniel\Documents\Visual Studio 2010\Projects\battleArena\battleArena\Debug\link.4628.read.1.tlog
C:\Users\Daniel\Documents\Visual Studio 2010\Projects\battleArena\battleArena\Debug\link.4628.read.2.tlog
C:\Users\Daniel\Documents\Visual Studio 2010\Projects\battleArena\battleArena\Debug\link.4628.write.1.tlog
C:\Users\Daniel\Documents\Visual Studio 2010\Projects\battleArena\battleArena\Debug\link.5012.read.1.tlog
C:\Users\Daniel\Documents\Visual Studio 2010\Projects\battleArena\battleArena\Debug\link.5012.read.2.tlog
C:\Users\Daniel\Documents\Visual Studio 2010\Projects\battleArena\battleArena\Debug\link.5012.write.1.tlog
C:\Users\Daniel\Documents\Visual Studio 2010\Projects\battleArena\battleArena\Debug\link.5084.read.1.tlog
C:\Users\Daniel\Documents\Visual Studio 2010\Projects\battleArena\battleArena\Debug\link.5084.read.2.tlog
C:\Users\Daniel\Documents\Visual Studio 2010\Projects\battleArena\battleArena\Debug\link.5084.write.1.tlog
C:\Users\Daniel\Documents\Visual Studio 2010\Projects\battleArena\battleArena\Debug\link.5452.read.1.tlog
C:\Users\Daniel\Documents\Visual Studio 2010\Projects\battleArena\battleArena\Debug\link.5452.read.2.tlog
C:\Users\Daniel\Documents\Visual Studio 2010\Projects\battleArena\battleArena\Debug\link.5452.write.1.tlog
C:\Users\Daniel\Documents\Visual Studio 2010\Projects\battleArena\battleArena\Debug\link.6052.read.1.tlog
C:\Users\Daniel\Documents\Visual Studio 2010\Projects\battleArena\battleArena\Debug\link.6052.read.2.tlog
C:\Users\Daniel\Documents\Visual Studio 2010\Projects\battleArena\battleArena\Debug\link.6052.write.1.tlog
C:\Users\Daniel\Documents\Visual Studio 2010\Projects\battleArena\battleArena\Debug\link.6104.read.1.tlog
C:\Users\Daniel\Documents\Visual Studio 2010\Projects\battleArena\battleArena\Debug\link.6104.read.2.tlog
C:\Users\Daniel\Documents\Visual Studio 2010\Projects\battleArena\battleArena\Debug\link.6104.write.1.tlog
C:\Users\Daniel\Documents\Visual Studio 2010\Projects\battleArena\battleArena\Debug\link.6160.read.1.tlog
C:\Users\Daniel\Documents\Visual Studio 2010\Projects\battleArena\battleArena\Debug\link.6160.read.2.tlog
C:\Users\Daniel\Documents\Visual Studio 2010\Projects\battleArena\battleArena\Debug\link.6160.write.1.tlog
C:\Users\Daniel\Documents\Visual Studio 2010\Projects\battleArena\battleArena\Debug\link.6344.read.1.tlog
C:\Users\Daniel\Documents\Visual Studio 2010\Projects\battleArena\battleArena\Debug\link.6344.read.2.tlog
C:\Users\Daniel\Documents\Visual Studio 2010\Projects\battleArena\battleArena\Debug\link.6344.write.1.tlog
C:\Users\Daniel\Documents\Visual Studio 2010\Projects\battleArena\battleArena\Debug\link.6380.read.1.tlog
C:\Users\Daniel\Documents\Visual Studio 2010\Projects\battleArena\battleArena\Debug\link.6380.read.2.tlog
C:\Users\Daniel\Documents\Visual Studio 2010\Projects\battleArena\battleArena\Debug\link.6380.write.1.tlog
C:\Users\Daniel\Documents\Visual Studio 2010\Projects\battleArena\battleArena\Debug\link.6404.read.1.tlog
C:\Users\Daniel\Documents\Visual Studio 2010\Projects\battleArena\battleArena\Debug\link.6404.read.2.tlog
C:\Users\Daniel\Documents\Visual Studio 2010\Projects\battleArena\battleArena\Debug\link.6404.write.1.tlog
C:\Users\Daniel\Documents\Visual Studio 2010\Projects\battleArena\battleArena\Debug\link.6608.read.1.tlog
C:\Users\Daniel\Documents\Visual Studio 2010\Projects\battleArena\battleArena\Debug\link.6608.read.2.tlog
C:\Users\Daniel\Documents\Visual Studio 2010\Projects\battleArena\battleArena\Debug\link.6608.write.1.tlog
C:\Users\Daniel\Documents\Visual Studio 2010\Projects\battleArena\battleArena\Debug\link.6716.read.1.tlog
C:\Users\Daniel\Documents\Visual Studio 2010\Projects\battleArena\battleArena\Debug\link.6716.read.2.tlog
C:\Users\Daniel\Documents\Visual Studio 2010\Projects\battleArena\battleArena\Debug\link.6716.write.1.tlog
C:\Users\Daniel\Documents\Visual Studio 2010\Projects\battleArena\battleArena\Debug\link.6788.read.1.tlog
C:\Users\Daniel\Documents\Visual Studio 2010\Projects\battleArena\battleArena\Debug\link.6788.read.2.tlog
C:\Users\Daniel\Documents\Visual Studio 2010\Projects\battleArena\battleArena\Debug\link.6788.write.1.tlog
C:\Users\Daniel\Documents\Visual Studio 2010\Projects\battleArena\battleArena\Debug\link.6896.read.1.tlog
C:\Users\Daniel\Documents\Visual Studio 2010\Projects\battleArena\battleArena\Debug\link.6896.read.2.tlog
C:\Users\Daniel\Documents\Visual Studio 2010\Projects\battleArena\battleArena\Debug\link.6896.write.1.tlog
C:\Users\Daniel\Documents\Visual Studio 2010\Projects\battleArena\battleArena\Debug\link.command.1.tlog
C:\Users\Daniel\Documents\Visual Studio 2010\Projects\battleArena\battleArena\Debug\link.read.1.tlog
C:\Users\Daniel\Documents\Visual Studio 2010\Projects\battleArena\battleArena\Debug\link.write.1.tlog
C:\USERS\DANIEL\DOCUMENTS\VISUAL STUDIO 2010\PROJECTS\BATTLEARENA\BATTLEARENA\DEBUG\MAIN.OBJ
C:\USERS\DANIEL\DOCUMENTS\VISUAL STUDIO 2010\PROJECTS\BATTLEARENA\BATTLEARENA\DEBUG\MAINMENUSTATE.OBJ
C:\USERS\DANIEL\DOCUMENTS\VISUAL STUDIO 2010\PROJECTS\BATTLEARENA\BATTLEARENA\DEBUG\MENUCOMPONENTSYSTEM.OBJ
C:\Users\Daniel\Documents\Visual Studio 2010\Projects\battleArena\battleArena\Debug\mt.command.1.tlog
C:\Users\Daniel\Documents\Visual Studio 2010\Projects\battleArena\battleArena\Debug\mt.read.1.tlog
C:\Users\Daniel\Documents\Visual Studio 2010\Projects\battleArena\battleArena\Debug\mt.write.1.tlog
C:\USERS\DANIEL\DOCUMENTS\VISUAL STUDIO 2010\PROJECTS\BATTLEARENA\BATTLEARENA\DEBUG\PARTICLEEMITTER.OBJ
C:\USERS\DANIEL\DOCUMENTS\VISUAL STUDIO 2010\PROJECTS\BATTLEARENA\BATTLEARENA\DEBUG\PAUSABLECLOCK.OBJ
C:\USERS\DANIEL\DOCUMENTS\VISUAL STUDIO 2010\PROJECTS\BATTLEARENA\BATTLEARENA\DEBUG\SYSTEMBITMANAGER.OBJ
C:\USERS\DANIEL\DOCUMENTS\VISUAL STUDIO 2010\PROJECTS\BATTLEARENA\BATTLEARENA\DEBUG\SYSTEMMANAGER.OBJ
C:\USERS\DANIEL\DOCUMENTS\VISUAL STUDIO 2010\PROJECTS\BATTLEARENA\BATTLEARENA\DEBUG\TAGMANAGER.OBJ
C:\USERS\DANIEL\DOCUMENTS\VISUAL STUDIO 2010\PROJECTS\BATTLEARENA\BATTLEARENA\DEBUG\TEXTUREMANAGER.OBJ
C:\Users\Daniel\Documents\Visual Studio 2010\Projects\battleArena\battleArena\Debug\vc100.idb
C:\USERS\DANIEL\DOCUMENTS\VISUAL STUDIO 2010\PROJECTS\BATTLEARENA\BATTLEARENA\DEBUG\VC100.PDB
C:\USERS\DANIEL\DOCUMENTS\VISUAL STUDIO 2010\PROJECTS\BATTLEARENA\BATTLEARENA\DEBUG\WORLD.OBJ
C:\USERS\DANIEL\DOCUMENTS\VISUAL STUDIO 2010\PROJECTS\BATTLEARENA\DEBUG\BATTLEARENA.EXE
C:\USERS\DANIEL\DOCUMENTS\VISUAL STUDIO 2010\PROJECTS\BATTLEARENA\DEBUG\BATTLEARENA.ILK
C:\USERS\DANIEL\DOCUMENTS\VISUAL STUDIO 2010\PROJECTS\BATTLEARENA\DEBUG\BATTLEARENA.PDB
