C:\USERS\DANIEL\DOCUMENTS\VISUAL STUDIO 2010\PROJECTS\BATTLEARENA\BATTLEARENA\RELEASE\ANIMATION.OBJ
C:\USERS\DANIEL\DOCUMENTS\VISUAL STUDIO 2010\PROJECTS\BATTLEARENA\BATTLEARENA\RELEASE\ANIMATIONSYSTEM.OBJ
C:\USERS\DANIEL\DOCUMENTS\VISUAL STUDIO 2010\PROJECTS\BATTLEARENA\BATTLEARENA\RELEASE\BATTLEARENA.EXE.INTERMEDIATE.MANIFEST
C:\Users\Daniel\Documents\Visual Studio 2010\Projects\battleArena\battleArena\Release\battleArena.write.1.tlog
C:\USERS\DANIEL\DOCUMENTS\VISUAL STUDIO 2010\PROJECTS\BATTLEARENA\BATTLEARENA\RELEASE\BATTLESTATE.OBJ
C:\USERS\DANIEL\DOCUMENTS\VISUAL STUDIO 2010\PROJECTS\BATTLEARENA\BATTLEARENA\RELEASE\CHARACTER.OBJ
C:\Users\Daniel\Documents\Visual Studio 2010\Projects\battleArena\battleArena\Release\cl.command.1.tlog
C:\Users\Daniel\Documents\Visual Studio 2010\Projects\battleArena\battleArena\Release\CL.read.1.tlog
C:\Users\Daniel\Documents\Visual Studio 2010\Projects\battleArena\battleArena\Release\CL.write.1.tlog
C:\USERS\DANIEL\DOCUMENTS\VISUAL STUDIO 2010\PROJECTS\BATTLEARENA\BATTLEARENA\RELEASE\COMPONENT.OBJ
C:\USERS\DANIEL\DOCUMENTS\VISUAL STUDIO 2010\PROJECTS\BATTLEARENA\BATTLEARENA\RELEASE\COMPONENTTYPE.OBJ
C:\USERS\DANIEL\DOCUMENTS\VISUAL STUDIO 2010\PROJECTS\BATTLEARENA\BATTLEARENA\RELEASE\COMPONENTTYPEMANAGER.OBJ
C:\USERS\DANIEL\DOCUMENTS\VISUAL STUDIO 2010\PROJECTS\BATTLEARENA\BATTLEARENA\RELEASE\CREDITSMENUSTATE.OBJ
C:\USERS\DANIEL\DOCUMENTS\VISUAL STUDIO 2010\PROJECTS\BATTLEARENA\BATTLEARENA\RELEASE\DELAYEDENTITYPROCESSINGSYSTEM.OBJ
C:\USERS\DANIEL\DOCUMENTS\VISUAL STUDIO 2010\PROJECTS\BATTLEARENA\BATTLEARENA\RELEASE\DELAYEDENTITYSYSTEM.OBJ
C:\USERS\DANIEL\DOCUMENTS\VISUAL STUDIO 2010\PROJECTS\BATTLEARENA\BATTLEARENA\RELEASE\ENTITY.OBJ
C:\USERS\DANIEL\DOCUMENTS\VISUAL STUDIO 2010\PROJECTS\BATTLEARENA\BATTLEARENA\RELEASE\ENTITYMANAGER.OBJ
C:\USERS\DANIEL\DOCUMENTS\VISUAL STUDIO 2010\PROJECTS\BATTLEARENA\BATTLEARENA\RELEASE\ENTITYPROCESSINGSYSTEM.OBJ
C:\USERS\DANIEL\DOCUMENTS\VISUAL STUDIO 2010\PROJECTS\BATTLEARENA\BATTLEARENA\RELEASE\ENTITYSYSTEM.OBJ
C:\USERS\DANIEL\DOCUMENTS\VISUAL STUDIO 2010\PROJECTS\BATTLEARENA\BATTLEARENA\RELEASE\GAME.OBJ
C:\USERS\DANIEL\DOCUMENTS\VISUAL STUDIO 2010\PROJECTS\BATTLEARENA\BATTLEARENA\RELEASE\GAMESCREEN.OBJ
C:\USERS\DANIEL\DOCUMENTS\VISUAL STUDIO 2010\PROJECTS\BATTLEARENA\BATTLEARENA\RELEASE\GAMESTATE.OBJ
C:\USERS\DANIEL\DOCUMENTS\VISUAL STUDIO 2010\PROJECTS\BATTLEARENA\BATTLEARENA\RELEASE\GROUPMANAGER.OBJ
C:\USERS\DANIEL\DOCUMENTS\VISUAL STUDIO 2010\PROJECTS\BATTLEARENA\BATTLEARENA\RELEASE\I_SUBJECT.OBJ
C:\USERS\DANIEL\DOCUMENTS\VISUAL STUDIO 2010\PROJECTS\BATTLEARENA\BATTLEARENA\RELEASE\INPUTHANDLINGSYSTEM.OBJ
C:\Users\Daniel\Documents\Visual Studio 2010\Projects\battleArena\battleArena\Release\link.command.1.tlog
C:\Users\Daniel\Documents\Visual Studio 2010\Projects\battleArena\battleArena\Release\link.read.1.tlog
C:\Users\Daniel\Documents\Visual Studio 2010\Projects\battleArena\battleArena\Release\link.write.1.tlog
C:\USERS\DANIEL\DOCUMENTS\VISUAL STUDIO 2010\PROJECTS\BATTLEARENA\BATTLEARENA\RELEASE\MAIN.OBJ
C:\USERS\DANIEL\DOCUMENTS\VISUAL STUDIO 2010\PROJECTS\BATTLEARENA\BATTLEARENA\RELEASE\MAINMENU.OBJ
C:\USERS\DANIEL\DOCUMENTS\VISUAL STUDIO 2010\PROJECTS\BATTLEARENA\BATTLEARENA\RELEASE\MAINMENUSTATE.OBJ
C:\USERS\DANIEL\DOCUMENTS\VISUAL STUDIO 2010\PROJECTS\BATTLEARENA\BATTLEARENA\RELEASE\MENUCOMPONENTBLOCK.OBJ
C:\USERS\DANIEL\DOCUMENTS\VISUAL STUDIO 2010\PROJECTS\BATTLEARENA\BATTLEARENA\RELEASE\MENUCOMPONENTSYSTEM.OBJ
C:\USERS\DANIEL\DOCUMENTS\VISUAL STUDIO 2010\PROJECTS\BATTLEARENA\BATTLEARENA\RELEASE\MENUCOMPONENTTEXT.OBJ
C:\USERS\DANIEL\DOCUMENTS\VISUAL STUDIO 2010\PROJECTS\BATTLEARENA\BATTLEARENA\RELEASE\MENUSCREEN.OBJ
C:\Users\Daniel\Documents\Visual Studio 2010\Projects\battleArena\battleArena\Release\mt.command.1.tlog
C:\Users\Daniel\Documents\Visual Studio 2010\Projects\battleArena\battleArena\Release\mt.read.1.tlog
C:\Users\Daniel\Documents\Visual Studio 2010\Projects\battleArena\battleArena\Release\mt.write.1.tlog
C:\USERS\DANIEL\DOCUMENTS\VISUAL STUDIO 2010\PROJECTS\BATTLEARENA\BATTLEARENA\RELEASE\PARTY.OBJ
C:\USERS\DANIEL\DOCUMENTS\VISUAL STUDIO 2010\PROJECTS\BATTLEARENA\BATTLEARENA\RELEASE\PAUSABLECLOCK.OBJ
C:\USERS\DANIEL\DOCUMENTS\VISUAL STUDIO 2010\PROJECTS\BATTLEARENA\BATTLEARENA\RELEASE\SCREENMANAGER.OBJ
C:\USERS\DANIEL\DOCUMENTS\VISUAL STUDIO 2010\PROJECTS\BATTLEARENA\BATTLEARENA\RELEASE\SPRITESYSTEM.OBJ
C:\USERS\DANIEL\DOCUMENTS\VISUAL STUDIO 2010\PROJECTS\BATTLEARENA\BATTLEARENA\RELEASE\SYSTEMBITMANAGER.OBJ
C:\USERS\DANIEL\DOCUMENTS\VISUAL STUDIO 2010\PROJECTS\BATTLEARENA\BATTLEARENA\RELEASE\SYSTEMMANAGER.OBJ
C:\USERS\DANIEL\DOCUMENTS\VISUAL STUDIO 2010\PROJECTS\BATTLEARENA\BATTLEARENA\RELEASE\TAGMANAGER.OBJ
C:\USERS\DANIEL\DOCUMENTS\VISUAL STUDIO 2010\PROJECTS\BATTLEARENA\BATTLEARENA\RELEASE\VC100.PDB
C:\USERS\DANIEL\DOCUMENTS\VISUAL STUDIO 2010\PROJECTS\BATTLEARENA\BATTLEARENA\RELEASE\WORLD.OBJ
C:\USERS\DANIEL\DOCUMENTS\VISUAL STUDIO 2010\PROJECTS\BATTLEARENA\RELEASE\BATTLEARENA.EXE
C:\USERS\DANIEL\DOCUMENTS\VISUAL STUDIO 2010\PROJECTS\BATTLEARENA\RELEASE\BATTLEARENA.PDB
